<?xml version="1.0" encoding="UTF-8"?>
<testng-results ignored="0" total="1" passed="1" failed="0" skipped="0">
  <reporter-output>
  </reporter-output>
  <suite started-at="2019-07-23T07:16:49Z" name="Suite" finished-at="2019-07-23T07:17:01Z" duration-ms="12427">
    <groups>
      <group name="cucumber">
        <method signature="AbstractTestNGCucumberTests.feature(cucumber.api.testng.CucumberFeatureWrapper)[pri:0, instance:Options.TestRunner@65d09a04]" name="feature" class="cucumber.api.testng.AbstractTestNGCucumberTests"/>
      </group> <!-- cucumber -->
    </groups>
    <test started-at="2019-07-23T07:16:49Z" name="Test" finished-at="2019-07-23T07:17:01Z" duration-ms="12427">
      <class name="Options.TestRunner">
        <test-method is-config="true" signature="setUpClass()[pri:0, instance:Options.TestRunner@65d09a04]" started-at="2019-07-23T07:16:49Z" name="setUpClass" finished-at="2019-07-23T07:16:49Z" duration-ms="233" status="PASS">
          <reporter-output>
          </reporter-output>
        </test-method> <!-- setUpClass -->
        <test-method signature="feature(cucumber.api.testng.CucumberFeatureWrapper)[pri:0, instance:Options.TestRunner@65d09a04]" started-at="2019-07-23T07:16:49Z" name="feature" description="Runs Cucumber Feature" data-provider="features" finished-at="2019-07-23T07:17:01Z" duration-ms="11964" status="PASS">
          <params>
            <param index="0">
              <value>
                <![CDATA[Application Login]]>
              </value>
            </param>
          </params>
          <reporter-output>
          </reporter-output>
        </test-method> <!-- feature -->
        <test-method is-config="true" signature="tearDownClass()[pri:0, instance:Options.TestRunner@65d09a04]" started-at="2019-07-23T07:17:01Z" name="tearDownClass" finished-at="2019-07-23T07:17:01Z" duration-ms="116" status="PASS">
          <reporter-output>
          </reporter-output>
        </test-method> <!-- tearDownClass -->
      </class> <!-- Options.TestRunner -->
    </test> <!-- Test -->
  </suite> <!-- Suite -->
</testng-results>
